<?xml version="1.0" encoding="UTF-8"?>
<!-- Generated by org.testng.reporters.JUnitReportReporter -->
<testsuite hostname="DESKTOP-9FN51LS" failures="0" tests="1" name="testScripts.DeleteAndDuplicate" time="63.864" errors="0" timestamp="2023-06-29T09:40:56 IST" skipped="0">
  <testcase classname="testScripts.DeleteAndDuplicate" name="Delete" time="63.864"/>
  <system-out/>
</testsuite> <!-- testScripts.DeleteAndDuplicate -->
