<?xml version="1.0" encoding="UTF-8"?>
<!-- Generated by org.testng.reporters.JUnitReportReporter -->
<testsuite hostname="DESKTOP-9FN51LS" failures="0" tests="1" name="testScripts.Tc_07" time="28.007" errors="0" timestamp="2023-07-03T10:14:35 IST" skipped="0">
  <testcase classname="testScripts.Tc_07" name="createContactWithExistingOrg" time="28.007"/>
  <system-out/>
</testsuite> <!-- testScripts.Tc_07 -->
