<?xml version="1.0" encoding="UTF-8"?>
<!-- Generated by org.testng.reporters.JUnitReportReporter -->
<testsuite hostname="DESKTOP-9FN51LS" failures="0" tests="1" name="testScripts.Tc_03_Test" time="144.273" errors="0" timestamp="2023-07-04T09:03:38 IST" skipped="0">
  <testcase classname="testScripts.Tc_03_Test" name="createLeadWithMandField" time="144.273"/>
  <system-out/>
</testsuite> <!-- testScripts.Tc_03_Test -->
