<?xml version="1.0" encoding="UTF-8"?>
<!-- Generated by org.testng.reporters.JUnitReportReporter -->
<testsuite hostname="DESKTOP-9FN51LS" failures="0" tests="4" name="dataprovider.DataProvider1" time="0.018" errors="0" timestamp="2023-06-14T09:43:07 IST" skipped="0">
  <testcase classname="dataprovider.DataProvider1" name="testMethod" time="0.003"/>
  <system-out/>
  <testcase classname="dataprovider.DataProvider1" name="testMethod" time="0.002"/>
  <system-out/>
  <testcase classname="dataprovider.DataProvider1" name="testMethod" time="0.010"/>
  <system-out/>
  <testcase classname="dataprovider.DataProvider1" name="testMethod" time="0.003"/>
  <system-out/>
</testsuite> <!-- dataprovider.DataProvider1 -->
