<?xml version="1.0" encoding="UTF-8"?>
<!-- Generated by org.testng.reporters.JUnitReportReporter -->
<testsuite hostname="DESKTOP-9FN51LS" failures="0" tests="1" name="testScripts.Tc_02_Test" time="35.621" errors="0" timestamp="2023-07-04T09:03:38 IST" skipped="0">
  <testcase classname="testScripts.Tc_02_Test" name="createOrganizationWithTypeAndIndustry" time="35.621"/>
  <system-out/>
</testsuite> <!-- testScripts.Tc_02_Test -->
