<?xml version="1.0" encoding="UTF-8"?>
<!-- Generated by org.testng.reporters.JUnitReportReporter -->
<testsuite hostname="DESKTOP-9FN51LS" failures="0" tests="1" name="practice.XMLParameterization" time="93.755" errors="0" timestamp="2023-06-08T12:54:32 IST" skipped="0">
  <testcase classname="practice.XMLParameterization" name="swiggyTest" time="93.755"/>
  <system-out/>
</testsuite> <!-- practice.XMLParameterization -->
