<?xml version="1.0" encoding="UTF-8"?>
<!-- Generated by org.testng.reporters.JUnitReportReporter -->
<testsuite hostname="DESKTOP-9FN51LS" failures="0" tests="1" name="testScripts.Tc_06_Test" time="30.180" errors="0" timestamp="2023-07-04T09:03:38 IST" skipped="0">
  <testcase classname="testScripts.Tc_06_Test" name="deleteLead" time="30.180"/>
  <system-out/>
</testsuite> <!-- testScripts.Tc_06_Test -->
