<?xml version="1.0" encoding="UTF-8"?>
<!-- Generated by org.testng.reporters.JUnitReportReporter -->
<testsuite hostname="DESKTOP-9FN51LS" failures="0" tests="1" name="practice.ExtendReports" time="9.296" errors="0" timestamp="2023-06-30T16:12:50 IST" skipped="0">
  <testcase classname="practice.ExtendReports" name="report" time="9.296"/>
  <system-out/>
</testsuite> <!-- practice.ExtendReports -->
