<?xml version="1.0" encoding="UTF-8"?>
<!-- Generated by org.testng.reporters.JUnitReportReporter -->
<testsuite hostname="DESKTOP-9FN51LS" failures="0" tests="1" name="dataprovider.ExtentReportClass" time="19.251" errors="0" timestamp="2023-06-16T10:01:12 IST" skipped="0">
  <testcase classname="dataprovider.ExtentReportClass" name="report" time="19.251"/>
  <system-out/>
</testsuite> <!-- dataprovider.ExtentReportClass -->
