<?xml version="1.0" encoding="UTF-8"?>
<!-- Generated by org.testng.reporters.JUnitReportReporter -->
<testsuite hostname="DESKTOP-9FN51LS" failures="0" tests="1" name="testScripts.Tc_01" time="38.282" errors="0" timestamp="2023-07-03T10:14:35 IST" skipped="0">
  <testcase classname="testScripts.Tc_01" name="createOrganizationWithMandField" time="38.282"/>
  <system-out/>
</testsuite> <!-- testScripts.Tc_01 -->
