<?xml version="1.0" encoding="UTF-8"?>
<!-- Generated by org.testng.reporters.JUnitReportReporter -->
<testsuite hostname="DESKTOP-9FN51LS" failures="0" tests="4" name="dataprovider.DataProviderTest" time="0.023" errors="0" timestamp="2023-06-14T09:32:59 IST" skipped="0">
  <testcase classname="dataprovider.DataProviderTest" name="testMethod" time="0.003"/>
  <system-out/>
  <testcase classname="dataprovider.DataProviderTest" name="testMethod" time="0.003"/>
  <system-out/>
  <testcase classname="dataprovider.DataProviderTest" name="testMethod" time="0.013"/>
  <system-out/>
  <testcase classname="dataprovider.DataProviderTest" name="testMethod" time="0.004"/>
  <system-out/>
</testsuite> <!-- dataprovider.DataProviderTest -->
